<?xml version="1.0" encoding="UTF-8"?>
<testng-results ignored="0" total="0" passed="0" failed="0" skipped="0">
  <reporter-output>
  </reporter-output>
  <suite started-at="2020-07-08T14:24:25 EAT" name="MyTest" finished-at="2020-07-08T14:24:25 EAT" duration-ms="12">
    <groups>
    </groups>
    <test started-at="2020-07-08T14:24:25 EAT" name="Command line test" finished-at="2020-07-08T14:24:25 EAT" duration-ms="12">
    </test> <!-- Command line test -->
  </suite> <!-- MyTest -->
</testng-results>
